<?xml version="1.0" encoding="UTF-8"?>
<testsuite name="com.test.ReviewDataEndpoint.ReviewDataEndpointApplicationTests" tests="1" skipped="0" failures="0" errors="0" timestamp="2021-02-18T22:19:07" hostname="PALMMV-W541" time="0.254">
  <properties/>
  <testcase name="contextLoads()" classname="com.test.ReviewDataEndpoint.ReviewDataEndpointApplicationTests" time="0.254"/>
  <system-out><![CDATA[16:19:04.931 [Test worker] DEBUG org.springframework.test.context.BootstrapUtils - Instantiating CacheAwareContextLoaderDelegate from class [org.springframework.test.context.cache.DefaultCacheAwareContextLoaderDelegate]
16:19:04.944 [Test worker] DEBUG org.springframework.test.context.BootstrapUtils - Instantiating BootstrapContext using constructor [public org.springframework.test.context.support.DefaultBootstrapContext(java.lang.Class,org.springframework.test.context.CacheAwareContextLoaderDelegate)]
16:19:04.975 [Test worker] DEBUG org.springframework.test.context.BootstrapUtils - Instantiating TestContextBootstrapper for test class [com.test.ReviewDataEndpoint.ReviewDataEndpointApplicationTests] from class [org.springframework.boot.test.context.SpringBootTestContextBootstrapper]
16:19:04.986 [Test worker] INFO org.springframework.boot.test.context.SpringBootTestContextBootstrapper - Neither @ContextConfiguration nor @ContextHierarchy found for test class [com.test.ReviewDataEndpoint.ReviewDataEndpointApplicationTests], using SpringBootContextLoader
16:19:04.990 [Test worker] DEBUG org.springframework.test.context.support.AbstractContextLoader - Did not detect default resource location for test class [com.test.ReviewDataEndpoint.ReviewDataEndpointApplicationTests]: class path resource [com/test/ReviewDataEndpoint/ReviewDataEndpointApplicationTests-context.xml] does not exist
16:19:04.990 [Test worker] DEBUG org.springframework.test.context.support.AbstractContextLoader - Did not detect default resource location for test class [com.test.ReviewDataEndpoint.ReviewDataEndpointApplicationTests]: class path resource [com/test/ReviewDataEndpoint/ReviewDataEndpointApplicationTestsContext.groovy] does not exist
16:19:04.990 [Test worker] INFO org.springframework.test.context.support.AbstractContextLoader - Could not detect default resource locations for test class [com.test.ReviewDataEndpoint.ReviewDataEndpointApplicationTests]: no resource found for suffixes {-context.xml, Context.groovy}.
16:19:04.991 [Test worker] INFO org.springframework.test.context.support.AnnotationConfigContextLoaderUtils - Could not detect default configuration classes for test class [com.test.ReviewDataEndpoint.ReviewDataEndpointApplicationTests]: ReviewDataEndpointApplicationTests does not declare any static, non-private, non-final, nested classes annotated with @Configuration.
16:19:05.029 [Test worker] DEBUG org.springframework.test.context.support.ActiveProfilesUtils - Could not find an 'annotation declaring class' for annotation type [org.springframework.test.context.ActiveProfiles] and class [com.test.ReviewDataEndpoint.ReviewDataEndpointApplicationTests]
16:19:05.132 [Test worker] DEBUG org.springframework.context.annotation.ClassPathScanningCandidateComponentProvider - Identified candidate component class: file [C:\Users\palmmv\Downloads\ReviewDataEndpoint\ReviewDataEndpoint\build\classes\java\main\com\test\ReviewDataEndpoint\ReviewDataEndpointApplication.class]
16:19:05.134 [Test worker] INFO org.springframework.boot.test.context.SpringBootTestContextBootstrapper - Found @SpringBootConfiguration com.test.ReviewDataEndpoint.ReviewDataEndpointApplication for test class com.test.ReviewDataEndpoint.ReviewDataEndpointApplicationTests
16:19:05.243 [Test worker] DEBUG org.springframework.boot.test.context.SpringBootTestContextBootstrapper - @TestExecutionListeners is not present for class [com.test.ReviewDataEndpoint.ReviewDataEndpointApplicationTests]: using defaults.
16:19:05.244 [Test worker] INFO org.springframework.boot.test.context.SpringBootTestContextBootstrapper - Loaded default TestExecutionListener class names from location [META-INF/spring.factories]: [org.springframework.boot.test.autoconfigure.restdocs.RestDocsTestExecutionListener, org.springframework.boot.test.autoconfigure.web.client.MockRestServiceServerResetTestExecutionListener, org.springframework.boot.test.autoconfigure.web.servlet.MockMvcPrintOnlyOnFailureTestExecutionListener, org.springframework.boot.test.autoconfigure.web.servlet.WebDriverTestExecutionListener, org.springframework.boot.test.autoconfigure.webservices.client.MockWebServiceServerTestExecutionListener, org.springframework.boot.test.mock.mockito.MockitoTestExecutionListener, org.springframework.boot.test.mock.mockito.ResetMocksTestExecutionListener, org.springframework.test.context.web.ServletTestExecutionListener, org.springframework.test.context.support.DirtiesContextBeforeModesTestExecutionListener, org.springframework.test.context.event.ApplicationEventsTestExecutionListener, org.springframework.test.context.support.DependencyInjectionTestExecutionListener, org.springframework.test.context.support.DirtiesContextTestExecutionListener, org.springframework.test.context.transaction.TransactionalTestExecutionListener, org.springframework.test.context.jdbc.SqlScriptsTestExecutionListener, org.springframework.test.context.event.EventPublishingTestExecutionListener]
16:19:05.266 [Test worker] DEBUG org.springframework.boot.test.context.SpringBootTestContextBootstrapper - Skipping candidate TestExecutionListener [org.springframework.test.context.transaction.TransactionalTestExecutionListener] due to a missing dependency. Specify custom listener classes or make the default listener classes and their required dependencies available. Offending class: [org/springframework/transaction/interceptor/TransactionAttributeSource]
16:19:05.266 [Test worker] DEBUG org.springframework.boot.test.context.SpringBootTestContextBootstrapper - Skipping candidate TestExecutionListener [org.springframework.test.context.jdbc.SqlScriptsTestExecutionListener] due to a missing dependency. Specify custom listener classes or make the default listener classes and their required dependencies available. Offending class: [org/springframework/transaction/interceptor/TransactionAttribute]
16:19:05.267 [Test worker] INFO org.springframework.boot.test.context.SpringBootTestContextBootstrapper - Using TestExecutionListeners: [org.springframework.test.context.web.ServletTestExecutionListener@29e12826, org.springframework.test.context.support.DirtiesContextBeforeModesTestExecutionListener@61809a43, org.springframework.test.context.event.ApplicationEventsTestExecutionListener@7cdbd696, org.springframework.boot.test.mock.mockito.MockitoTestExecutionListener@4df985e9, org.springframework.boot.test.autoconfigure.SpringBootDependencyInjectionTestExecutionListener@6d793468, org.springframework.test.context.support.DirtiesContextTestExecutionListener@8cee906, org.springframework.test.context.event.EventPublishingTestExecutionListener@2a03f1ef, org.springframework.boot.test.autoconfigure.restdocs.RestDocsTestExecutionListener@2b54ef8b, org.springframework.boot.test.autoconfigure.web.client.MockRestServiceServerResetTestExecutionListener@f2a54fd, org.springframework.boot.test.autoconfigure.web.servlet.MockMvcPrintOnlyOnFailureTestExecutionListener@70530ac7, org.springframework.boot.test.autoconfigure.web.servlet.WebDriverTestExecutionListener@45ea11ab, org.springframework.boot.test.autoconfigure.webservices.client.MockWebServiceServerTestExecutionListener@49ce962a, org.springframework.boot.test.mock.mockito.ResetMocksTestExecutionListener@141ebe52]
16:19:05.272 [Test worker] DEBUG org.springframework.test.context.support.AbstractDirtiesContextTestExecutionListener - Before test class: context [DefaultTestContext@193e23b4 testClass = ReviewDataEndpointApplicationTests, testInstance = [null], testMethod = [null], testException = [null], mergedContextConfiguration = [WebMergedContextConfiguration@106e01d testClass = ReviewDataEndpointApplicationTests, locations = '{}', classes = '{class com.test.ReviewDataEndpoint.ReviewDataEndpointApplication}', contextInitializerClasses = '[]', activeProfiles = '{}', propertySourceLocations = '{}', propertySourceProperties = '{org.springframework.boot.test.context.SpringBootTestContextBootstrapper=true}', contextCustomizers = set[org.springframework.boot.test.autoconfigure.actuate.metrics.MetricsExportContextCustomizerFactory$DisableMetricExportContextCustomizer@5f30afbf, org.springframework.boot.test.autoconfigure.properties.PropertyMappingContextCustomizer@0, org.springframework.boot.test.autoconfigure.web.servlet.WebDriverContextCustomizerFactory$Customizer@4402aea4, org.springframework.boot.test.context.filter.ExcludeFilterContextCustomizer@33721586, org.springframework.boot.test.json.DuplicateJsonObjectContextCustomizerFactory$DuplicateJsonObjectContextCustomizer@69f5766e, org.springframework.boot.test.mock.mockito.MockitoContextCustomizer@0, org.springframework.boot.test.web.client.TestRestTemplateContextCustomizer@1f543acc, org.springframework.boot.test.context.SpringBootTestArgs@1, org.springframework.boot.test.context.SpringBootTestWebEnvironment@59e9a584], resourceBasePath = 'src/main/webapp', contextLoader = 'org.springframework.boot.test.context.SpringBootContextLoader', parent = [null]], attributes = map['org.springframework.test.context.web.ServletTestExecutionListener.activateListener' -> true]], class annotated with @DirtiesContext [false] with mode [null].
16:19:05.311 [Test worker] DEBUG org.springframework.test.context.support.TestPropertySourceUtils - Adding inlined properties to environment: {spring.jmx.enabled=false, org.springframework.boot.test.context.SpringBootTestContextBootstrapper=true}

  .   ____          _            __ _ _
 /\\ / ___'_ __ _ _(_)_ __  __ _ \ \ \ \
( ( )\___ | '_ | '_| | '_ \/ _` | \ \ \ \
 \\/  ___)| |_)| | | | | || (_| |  ) ) ) )
  '  |____| .__|_| |_|_| |_\__, | / / / /
 =========|_|==============|___/=/_/_/_/
 :: Spring Boot ::                (v2.4.2)

2021-02-18 16:19:05.608  INFO 57264 --- [    Test worker] c.t.R.ReviewDataEndpointApplicationTests : Starting ReviewDataEndpointApplicationTests using Java 1.8.0_131 on PALMMV-W541 with PID 57264 (started by palmmv in C:\Users\palmmv\Downloads\ReviewDataEndpoint\ReviewDataEndpoint)
2021-02-18 16:19:05.610  INFO 57264 --- [    Test worker] c.t.R.ReviewDataEndpointApplicationTests : No active profile set, falling back to default profiles: default
2021-02-18 16:19:06.726  INFO 57264 --- [    Test worker] o.s.s.concurrent.ThreadPoolTaskExecutor  : Initializing ExecutorService 'applicationTaskExecutor'
2021-02-18 16:19:07.031  INFO 57264 --- [    Test worker] c.t.R.ReviewDataEndpointApplicationTests : Started ReviewDataEndpointApplicationTests in 1.711 seconds (JVM running for 2.942)
]]></system-out>
  <system-err><![CDATA[]]></system-err>
</testsuite>
